0 info it worked if it ends with ok
1 verbose cli [ '/usr/bin/nodejs',
1 verbose cli   '/usr/bin/npm',
1 verbose cli   'install',
1 verbose cli   '--save',
1 verbose cli   '@ionic/cloud-angular' ]
2 info using npm@3.10.3
3 info using node@v6.5.0
4 silly loadCurrentTree Starting
5 silly install loadCurrentTree
6 silly install readLocalPackageData
7 silly fetchPackageMetaData @ionic/cloud-angular
8 silly fetchNamedPackageData @ionic/cloud-angular
9 silly mapToRegistry name @ionic/cloud-angular
10 silly mapToRegistry scope (from package name) @ionic
11 verbose mapToRegistry no registry URL found in name for scope @ionic
12 silly mapToRegistry using default registry
13 silly mapToRegistry registry https://registry.npmjs.org/
14 silly mapToRegistry data Result {
14 silly mapToRegistry   raw: '@ionic/cloud-angular',
14 silly mapToRegistry   scope: '@ionic',
14 silly mapToRegistry   escapedName: '@ionic%2fcloud-angular',
14 silly mapToRegistry   name: '@ionic/cloud-angular',
14 silly mapToRegistry   rawSpec: '',
14 silly mapToRegistry   spec: 'latest',
14 silly mapToRegistry   type: 'tag' }
15 silly mapToRegistry uri https://registry.npmjs.org/@ionic%2fcloud-angular
16 verbose request uri https://registry.npmjs.org/@ionic%2fcloud-angular
17 verbose request no auth needed
18 info attempt registry request try #1 at 11:21:20 PM
19 verbose request id 385358783455a30e
20 http request GET https://registry.npmjs.org/@ionic%2fcloud-angular
21 info retry will retry, error on last attempt: Error: getaddrinfo ENOTFOUND registry.npmjs.org registry.npmjs.org:443
22 info attempt registry request try #2 at 11:21:44 PM
23 http request GET https://registry.npmjs.org/@ionic%2fcloud-angular
24 info retry will retry, error on last attempt: Error: getaddrinfo ENOTFOUND registry.npmjs.org registry.npmjs.org:443
25 info attempt registry request try #3 at 11:22:44 PM
26 http request GET https://registry.npmjs.org/@ionic%2fcloud-angular
27 silly fetchPackageMetaData Error: getaddrinfo ENOTFOUND registry.npmjs.org registry.npmjs.org:443
27 silly fetchPackageMetaData     at errnoException (dns.js:28:10)
27 silly fetchPackageMetaData     at GetAddrInfoReqWrap.onlookup [as oncomplete] (dns.js:76:26)
27 silly fetchPackageMetaData  error for @ionic/cloud-angular { Error: getaddrinfo ENOTFOUND registry.npmjs.org registry.npmjs.org:443
27 silly fetchPackageMetaData     at errnoException (dns.js:28:10)
27 silly fetchPackageMetaData     at GetAddrInfoReqWrap.onlookup [as oncomplete] (dns.js:76:26)
27 silly fetchPackageMetaData   code: 'ENOTFOUND',
27 silly fetchPackageMetaData   errno: 'ENOTFOUND',
27 silly fetchPackageMetaData   syscall: 'getaddrinfo',
27 silly fetchPackageMetaData   hostname: 'registry.npmjs.org',
27 silly fetchPackageMetaData   host: 'registry.npmjs.org',
27 silly fetchPackageMetaData   port: 443 }
28 silly rollbackFailedOptional Starting
29 silly rollbackFailedOptional Finishing
30 silly runTopLevelLifecycles Starting
31 silly runTopLevelLifecycles Finishing
32 silly install printInstalled
33 verbose stack Error: getaddrinfo ENOTFOUND registry.npmjs.org registry.npmjs.org:443
33 verbose stack     at errnoException (dns.js:28:10)
33 verbose stack     at GetAddrInfoReqWrap.onlookup [as oncomplete] (dns.js:76:26)
34 verbose cwd /root/Documents/ionicdev/afrobay
35 error Linux 4.6.0-kali1-amd64
36 error argv "/usr/bin/nodejs" "/usr/bin/npm" "install" "--save" "@ionic/cloud-angular"
37 error node v6.5.0
38 error npm  v3.10.3
39 error code ENOTFOUND
40 error errno ENOTFOUND
41 error syscall getaddrinfo
42 error network getaddrinfo ENOTFOUND registry.npmjs.org registry.npmjs.org:443
43 error network This is most likely not a problem with npm itself
43 error network and is related to network connectivity.
43 error network In most cases you are behind a proxy or have bad network settings.
43 error network
43 error network If you are behind a proxy, please make sure that the
43 error network 'proxy' config is set properly.  See: 'npm help config'
44 verbose exit [ 1, true ]
